0 info it worked if it ends with ok
1 verbose cli [ '/usr/local/bin/node', '/usr/local/bin/npm', 'run', 'build' ]
2 info using npm@3.9.3
3 info using node@v6.2.1
4 verbose run-script [ 'prebuild', 'build', 'postbuild' ]
5 info lifecycle tag@1.0.0~prebuild: tag@1.0.0
6 silly lifecycle tag@1.0.0~prebuild: no script for prebuild, continuing
7 info lifecycle tag@1.0.0~build: tag@1.0.0
8 verbose lifecycle tag@1.0.0~build: unsafe-perm in lifecycle true
9 verbose lifecycle tag@1.0.0~build: PATH: /usr/local/lib/node_modules/npm/bin/node-gyp-bin:/Users/raja/Desktop/tag/node_modules/.bin:/usr/local/bin:/usr/bin:/bin:/usr/sbin:/sbin:/usr/local/bin
10 verbose lifecycle tag@1.0.0~build: CWD: /Users/raja/Desktop/tag
11 silly lifecycle tag@1.0.0~build: Args: [ '-c', 'node webpack && python -m SimpleHTTPServer' ]
12 silly lifecycle tag@1.0.0~build: Returned: code: 1  signal: null
13 info lifecycle tag@1.0.0~build: Failed to exec build script
14 verbose stack Error: tag@1.0.0 build: `node webpack && python -m SimpleHTTPServer`
14 verbose stack Exit status 1
14 verbose stack     at EventEmitter.<anonymous> (/usr/local/lib/node_modules/npm/lib/utils/lifecycle.js:245:16)
14 verbose stack     at emitTwo (events.js:106:13)
14 verbose stack     at EventEmitter.emit (events.js:191:7)
14 verbose stack     at ChildProcess.<anonymous> (/usr/local/lib/node_modules/npm/lib/utils/spawn.js:24:14)
14 verbose stack     at emitTwo (events.js:106:13)
14 verbose stack     at ChildProcess.emit (events.js:191:7)
14 verbose stack     at maybeClose (internal/child_process.js:852:16)
14 verbose stack     at Process.ChildProcess._handle.onexit (internal/child_process.js:215:5)
15 verbose pkgid tag@1.0.0
16 verbose cwd /Users/raja/Desktop/tag
17 error Darwin 16.1.0
18 error argv "/usr/local/bin/node" "/usr/local/bin/npm" "run" "build"
19 error node v6.2.1
20 error npm  v3.9.3
21 error code ELIFECYCLE
22 error tag@1.0.0 build: `node webpack && python -m SimpleHTTPServer`
22 error Exit status 1
23 error Failed at the tag@1.0.0 build script 'node webpack && python -m SimpleHTTPServer'.
23 error Make sure you have the latest version of node.js and npm installed.
23 error If you do, this is most likely a problem with the tag package,
23 error not with npm itself.
23 error Tell the author that this fails on your system:
23 error     node webpack && python -m SimpleHTTPServer
23 error You can get information on how to open an issue for this project with:
23 error     npm bugs tag
23 error Or if that isn't available, you can get their info via:
23 error     npm owner ls tag
23 error There is likely additional logging output above.
24 verbose exit [ 1, true ]
